<?xml version="1.0" encoding="UTF-8"?>
<!-- Generated by org.testng.reporters.JUnitReportReporter -->
<testsuite skipped="0" hostname="LAPTOP-IIS64SBI" name="com.leafBot.testcases.TC008_ServiceNowLogin" tests="1" failures="0" timestamp="04 Apr 2021 11:32:16 GMT" time="17.964" errors="0">
  <testcase name="ExecuteTC" time="17.964" classname="com.leafBot.testcases.TC008_ServiceNowLogin"/>
</testsuite> <!-- com.leafBot.testcases.TC008_ServiceNowLogin -->
